app/build/intermediates/manifest_merge_blame_file/debug/manifest-merger-blame-debug-report.txt
1<?xml version="1.0" encoding="utf-8"?>
2<manifest xmlns:android="http://schemas.android.com/apk/res/android"
3    package="com.example.pdfuploader"
4    android:versionCode="1"
5    android:versionName="1.0" >
6
7    <uses-sdk
8        android:minSdkVersion="22"
8-->src\main\AndroidManifest.xml
9        android:targetSdkVersion="28" />
9-->src\main\AndroidManifest.xml
10
11    <uses-permission android:name="android.permission.INTERNET" />
11-->src\main\AndroidManifest.xml:5:5-67
11-->src\main\AndroidManifest.xml:5:22-64
12    <uses-permission android:name="android.permission.READ_EXTERNAL_STORAGE" />
12-->src\main\AndroidManifest.xml:6:5-80
12-->src\main\AndroidManifest.xml:6:22-77
13    <uses-permission android:name="android.permission.ACCESS_NETWORK_STATE" />
13-->[com.google.firebase:firebase-database:16.0.4] AndroidManifest.xml:22:5-79
13-->[com.google.firebase:firebase-database:16.0.4] AndroidManifest.xml:22:22-76
14
15    <application
15-->src\main\AndroidManifest.xml:8:5-23:19
16        android:allowBackup="true"
16-->src\main\AndroidManifest.xml:9:9-35
17        android:appComponentFactory="androidx.core.app.CoreComponentFactory"
17-->[androidx.core:core:1.1.0] AndroidManifest.xml:24:18-86
18        android:debuggable="true"
19        android:icon="@mipmap/ic_launcher"
19-->src\main\AndroidManifest.xml:10:9-43
20        android:label="@string/app_name"
20-->src\main\AndroidManifest.xml:11:9-41
21        android:roundIcon="@mipmap/ic_launcher_round"
21-->src\main\AndroidManifest.xml:12:9-54
22        android:supportsRtl="true"
22-->src\main\AndroidManifest.xml:13:9-35
23        android:theme="@style/AppTheme" >
23-->src\main\AndroidManifest.xml:14:9-40
24        <activity android:name="com.example.pdfuploader.ViewPdfFile" />
24-->src\main\AndroidManifest.xml:15:9-58
24-->src\main\AndroidManifest.xml:15:19-46
25        <activity android:name="com.example.pdfuploader.MainActivity" >
25-->src\main\AndroidManifest.xml:16:9-22:20
25-->src\main\AndroidManifest.xml:16:19-47
26            <intent-filter>
26-->src\main\AndroidManifest.xml:17:13-21:29
27                <action android:name="android.intent.action.MAIN" />
27-->src\main\AndroidManifest.xml:18:17-69
27-->src\main\AndroidManifest.xml:18:25-66
28
29                <category android:name="android.intent.category.LAUNCHER" />
29-->src\main\AndroidManifest.xml:20:17-77
29-->src\main\AndroidManifest.xml:20:27-74
30            </intent-filter>
31        </activity>
32        <activity
32-->[com.google.firebase:firebase-auth:16.0.5] AndroidManifest.xml:24:9-31:50
33            android:name="com.google.firebase.auth.internal.FederatedSignInActivity"
33-->[com.google.firebase:firebase-auth:16.0.5] AndroidManifest.xml:25:13-85
34            android:excludeFromRecents="true"
34-->[com.google.firebase:firebase-auth:16.0.5] AndroidManifest.xml:26:13-46
35            android:exported="true"
35-->[com.google.firebase:firebase-auth:16.0.5] AndroidManifest.xml:27:13-36
36            android:launchMode="singleTask"
36-->[com.google.firebase:firebase-auth:16.0.5] AndroidManifest.xml:28:13-44
37            android:permission="com.google.firebase.auth.api.gms.permission.LAUNCH_FEDERATED_SIGN_IN"
37-->[com.google.firebase:firebase-auth:16.0.5] AndroidManifest.xml:29:13-102
38            android:theme="@android:style/Theme.Translucent.NoTitleBar" />
38-->[com.google.firebase:firebase-auth:16.0.5] AndroidManifest.xml:30:13-72
39
40        <service
40-->[com.google.firebase:firebase-auth:16.0.5] AndroidManifest.xml:33:9-39:19
41            android:name="com.google.firebase.components.ComponentDiscoveryService"
41-->[com.google.firebase:firebase-auth:16.0.5] AndroidManifest.xml:34:13-84
42            android:exported="false" >
42-->[com.google.firebase:firebase-auth:16.0.5] AndroidManifest.xml:35:13-37
43            <meta-data
43-->[com.google.firebase:firebase-auth:16.0.5] AndroidManifest.xml:36:13-38:85
44                android:name="com.google.firebase.components:com.google.firebase.auth.FirebaseAuthRegistrar"
44-->[com.google.firebase:firebase-auth:16.0.5] AndroidManifest.xml:37:17-109
45                android:value="com.google.firebase.components.ComponentRegistrar" />
45-->[com.google.firebase:firebase-auth:16.0.5] AndroidManifest.xml:38:17-82
46        </service>
47
48        <activity
48-->[com.google.android.gms:play-services-base:16.0.1] AndroidManifest.xml:23:9-26:75
49            android:name="com.google.android.gms.common.api.GoogleApiActivity"
49-->[com.google.android.gms:play-services-base:16.0.1] AndroidManifest.xml:24:13-79
50            android:exported="false"
50-->[com.google.android.gms:play-services-base:16.0.1] AndroidManifest.xml:25:13-37
51            android:theme="@android:style/Theme.Translucent.NoTitleBar" />
51-->[com.google.android.gms:play-services-base:16.0.1] AndroidManifest.xml:26:13-72
52
53        <provider
53-->[com.google.firebase:firebase-common:16.0.3] AndroidManifest.xml:10:9-14:39
54            android:name="com.google.firebase.provider.FirebaseInitProvider"
54-->[com.google.firebase:firebase-common:16.0.3] AndroidManifest.xml:11:13-77
55            android:authorities="com.example.pdfuploader.firebaseinitprovider"
55-->[com.google.firebase:firebase-common:16.0.3] AndroidManifest.xml:12:13-72
56            android:exported="false"
56-->[com.google.firebase:firebase-common:16.0.3] AndroidManifest.xml:13:13-37
57            android:initOrder="100" />
57-->[com.google.firebase:firebase-common:16.0.3] AndroidManifest.xml:14:13-36
58
59        <meta-data
59-->[com.google.android.gms:play-services-basement:16.1.0] AndroidManifest.xml:23:9-25:69
60            android:name="com.google.android.gms.version"
60-->[com.google.android.gms:play-services-basement:16.1.0] AndroidManifest.xml:24:13-58
61            android:value="@integer/google_play_services_version" />
61-->[com.google.android.gms:play-services-basement:16.1.0] AndroidManifest.xml:25:13-66
62    </application>
63
64</manifest>